common/build/intermediates/manifest_merge_blame_file/debug/processDebugManifest/manifest-merger-blame-debug-report.txt
1<?xml version="1.0" encoding="utf-8"?>
2<manifest xmlns:android="http://schemas.android.com/apk/res/android"
3    package="com.guy.common" >
4
5    <uses-sdk android:minSdkVersion="26" />
6
7    <uses-permission android:name="android.permission.INTERNET" />
7-->src\main\AndroidManifest.xml:4:5-67
7-->src\main\AndroidManifest.xml:4:22-64
8
9    <application>
9-->src\main\AndroidManifest.xml:5:5-13:19
10        <activity
10-->src\main\AndroidManifest.xml:6:9-8:15
11            android:name="com.guy.common.Activity_PanelBase"
11-->src\main\AndroidManifest.xml:6:19-53
12            android:exported="true" />
12-->src\main\AndroidManifest.xml:7:13-36
13        <!-- Declare components provided by the library -->
14        <activity
14-->src\main\AndroidManifest.xml:10:9-12:14
15            android:name="com.guy.common.GameOver"
15-->src\main\AndroidManifest.xml:10:19-43
16            android:exported="true" /> <!-- 'exported' may be required based on your targeting and use-case -->
16-->src\main\AndroidManifest.xml:11:13-36
17    </application>
18
19</manifest>